\BOOKMARK [1][-]{section.1}{Introduction}{}% 1
\BOOKMARK [1][-]{section.2}{License Agreement}{}% 2
\BOOKMARK [2][-]{subsection.2.1}{Overview}{section.2}% 3
\BOOKMARK [2][-]{subsection.2.2}{Components used and their license agreements}{section.2}% 4
\BOOKMARK [1][-]{section.3}{Problem Description}{}% 5
\BOOKMARK [2][-]{subsection.3.1}{Overview}{section.3}% 6
\BOOKMARK [2][-]{subsection.3.2}{Problems with respect to Unit Tests}{section.3}% 7
\BOOKMARK [3][-]{subsubsection.3.2.1}{Large Complex projects}{subsection.3.2}% 8
\BOOKMARK [3][-]{subsubsection.3.2.2}{Comments in tests}{subsection.3.2}% 9
\BOOKMARK [3][-]{subsubsection.3.2.3}{The Learning Curve}{subsection.3.2}% 10
\BOOKMARK [2][-]{subsection.3.3}{Proposed Solution}{section.3}% 11
\BOOKMARK [1][-]{section.4}{Approach}{}% 12
\BOOKMARK [2][-]{subsection.4.1}{High level design overview}{section.4}% 13
\BOOKMARK [3][-]{subsubsection.4.1.1}{Core System Under Development}{subsection.4.1}% 14
\BOOKMARK [3][-]{subsubsection.4.1.2}{Core System Unit Tests}{subsection.4.1}% 15
\BOOKMARK [3][-]{subsubsection.4.1.3}{Unit Test Reflector}{subsection.4.1}% 16
\BOOKMARK [3][-]{subsubsection.4.1.4}{Asp.Net Web Application}{subsection.4.1}% 17
\BOOKMARK [3][-]{subsubsection.4.1.5}{HTML5 / Javascript Component}{subsection.4.1}% 18
\BOOKMARK [2][-]{subsection.4.2}{Screen Layout}{section.4}% 19
\BOOKMARK [3][-]{subsubsection.4.2.1}{Class diagram canvas}{subsection.4.2}% 20
\BOOKMARK [3][-]{subsubsection.4.2.2}{Treeview panel}{subsection.4.2}% 21
\BOOKMARK [3][-]{subsubsection.4.2.3}{Details view panel}{subsection.4.2}% 22
\BOOKMARK [1][-]{section.5}{Installation Procedure}{}% 23
