\BOOKMARK [1][-]{section.1}{Introduction}{}% 1
\BOOKMARK [2][-]{subsection.1.1}{Specification selection}{section.1}% 2
\BOOKMARK [2][-]{subsection.1.2}{Proposed Solution}{section.1}% 3
\BOOKMARK [1][-]{section.2}{Role and Responsibilities}{}% 4
\BOOKMARK [2][-]{subsection.2.1}{Quality}{section.2}% 5
\BOOKMARK [2][-]{subsection.2.2}{Mentorship}{section.2}% 6
\BOOKMARK [2][-]{subsection.2.3}{Delivery}{section.2}% 7
\BOOKMARK [1][-]{section.3}{Individual and Group Contributions}{}% 8
\BOOKMARK [2][-]{subsection.3.1}{Core System Under Development}{section.3}% 9
\BOOKMARK [3][-]{subsubsection.3.1.1}{Component Overview}{subsection.3.1}% 10
\BOOKMARK [3][-]{subsubsection.3.1.2}{Test Driven Development}{subsection.3.1}% 11
\BOOKMARK [3][-]{subsubsection.3.1.3}{The Bank 'Demo' Application}{subsection.3.1}% 12
\BOOKMARK [3][-]{subsubsection.3.1.4}{Group Contribution}{subsection.3.1}% 13
\BOOKMARK [2][-]{subsection.3.2}{Core System Unit Tests}{section.3}% 14
\BOOKMARK [3][-]{subsubsection.3.2.1}{Component Overview}{subsection.3.2}% 15
\BOOKMARK [3][-]{subsubsection.3.2.2}{TDD and Contributions}{subsection.3.2}% 16
\BOOKMARK [2][-]{subsection.3.3}{Unit Test Reflector}{section.3}% 17
\BOOKMARK [3][-]{subsubsection.3.3.1}{Component Overview}{subsection.3.3}% 18
\BOOKMARK [3][-]{subsubsection.3.3.2}{C\043 Reflection}{subsection.3.3}% 19
\BOOKMARK [3][-]{subsubsection.3.3.3}{Contribution}{subsection.3.3}% 20
\BOOKMARK [3][-]{subsubsection.3.3.4}{Test Data Structure}{subsection.3.3}% 21
\BOOKMARK [1][-]{section.4}{Methodologies and Approach}{}% 22
\BOOKMARK [2][-]{subsection.4.1}{Project Management}{section.4}% 23
\BOOKMARK [2][-]{subsection.4.2}{Development Methodology}{section.4}% 24
\BOOKMARK [2][-]{subsection.4.3}{Source Control}{section.4}% 25
\BOOKMARK [3][-]{subsubsection.4.3.1}{Source control management system}{subsection.4.3}% 26
\BOOKMARK [3][-]{subsubsection.4.3.2}{Source control repository}{subsection.4.3}% 27
\BOOKMARK [3][-]{subsubsection.4.3.3}{Learning Git}{subsection.4.3}% 28
\BOOKMARK [1][-]{section.5}{Conclusion}{}% 29
